[2022-02-13 23:03:12] INFO: CheckM v1.1.3
[2022-02-13 23:03:12] INFO: checkm lineage_wf -t 8 -x fna checkM/p_db1_input/ checkM/p_db1_lwf-out
[2022-02-13 23:03:12] INFO: [CheckM - tree] Placing bins in reference genome tree.
[2022-02-13 23:03:13] INFO: Identifying marker genes in 1 bins with 8 threads:
[2022-02-13 23:03:46] INFO: Saving HMM info to file.
[2022-02-13 23:03:46] INFO: Calculating genome statistics for 1 bins with 8 threads:
[2022-02-13 23:03:46] INFO: Extracting marker genes to align.
[2022-02-13 23:03:46] INFO: Parsing HMM hits to marker genes:
[2022-02-13 23:03:46] INFO: Extracting 43 HMMs with 8 threads:
[2022-02-13 23:03:46] INFO: Aligning 43 marker genes with 8 threads:
[2022-02-13 23:03:47] INFO: Reading marker alignment files.
[2022-02-13 23:03:47] INFO: Concatenating alignments.
[2022-02-13 23:03:47] INFO: Placing 1 bins into the genome tree with pplacer (be patient).
[2022-02-13 23:08:37] INFO: { Current stage: 0:05:24.344 || Total: 0:05:24.344 }
[2022-02-13 23:08:37] INFO: [CheckM - lineage_set] Inferring lineage-specific marker sets.
[2022-02-13 23:08:37] INFO: Reading HMM info from file.
[2022-02-13 23:08:37] INFO: Parsing HMM hits to marker genes:
[2022-02-13 23:08:37] INFO: Determining marker sets for each genome bin.
[2022-02-13 23:08:38] INFO: Marker set written to: checkM/p_db1_lwf-out/lineage.ms
[2022-02-13 23:08:38] INFO: { Current stage: 0:00:01.158 || Total: 0:05:25.503 }
[2022-02-13 23:08:38] INFO: [CheckM - analyze] Identifying marker genes in bins.
[2022-02-13 23:08:38] INFO: Identifying marker genes in 1 bins with 8 threads:
[2022-02-13 23:12:47] INFO: Saving HMM info to file.
[2022-02-13 23:12:47] INFO: { Current stage: 0:04:08.861 || Total: 0:09:34.364 }
[2022-02-13 23:12:47] INFO: Parsing HMM hits to marker genes:
[2022-02-13 23:12:48] INFO: Aligning marker genes with multiple hits in a single bin:
[2022-02-13 23:12:49] INFO: { Current stage: 0:00:01.724 || Total: 0:09:36.089 }
[2022-02-13 23:12:49] INFO: Calculating genome statistics for 1 bins with 8 threads:
[2022-02-13 23:12:49] INFO: { Current stage: 0:00:00.353 || Total: 0:09:36.442 }
[2022-02-13 23:12:49] INFO: [CheckM - qa] Tabulating genome statistics.
[2022-02-13 23:12:49] INFO: Calculating AAI between multi-copy marker genes.
[2022-02-13 23:12:49] INFO: Reading HMM info from file.
[2022-02-13 23:12:49] INFO: Parsing HMM hits to marker genes:
[2022-02-13 23:12:50] INFO: { Current stage: 0:00:00.730 || Total: 0:09:37.173 }
